<?xml version="1.0" encoding="UTF-8"?>
<!-- Generated by org.testng.reporters.JUnitXMLReporter -->
<testsuite hostname="Angelas-MacBook-Pro.local" ignored="3" name="All Tests Run including Smoke and Regression" tests="5" failures="0" timestamp="11 Apr 2018 04:45:00 GMT" time="76.24" errors="0">
  <testcase name="loginWrongPwd" time="3.068" classname="webTests.Login_NegativeTests"/>
  <testcase name="loginSearch" time="19.234" classname="webTests.Login_and_Search"/>
  <testcase name="searchSpecificProperty" time="10.018" classname="webTests.SearchforSpecificProperty"/>
  <testcase name="signUpWithInvalidPassword" time="2.388" classname="webTests.SignUp_NegativeTests"/>
  <testcase name="signUp_NewUser" time="17.129" classname="webTests.SignUp_NewUser"/>
  <testcase name="loginBlankFields" time="0.0" classname="webTests.Login_NegativeTests">
    <ignored/>
  </testcase> <!-- loginBlankFields -->
  <testcase name="signUpWithInvalidEmail" time="0.0" classname="webTests.SignUp_NegativeTests">
    <ignored/>
  </testcase> <!-- signUpWithInvalidEmail -->
  <testcase name="signUpWithBlankFields" time="0.0" classname="webTests.SignUp_NegativeTests">
    <ignored/>
  </testcase> <!-- signUpWithBlankFields -->
</testsuite> <!-- All Tests Run including Smoke and Regression -->
