<?xml version="1.0" encoding="UTF-8"?>
<!-- Generated by org.testng.reporters.JUnitXMLReporter -->
<testsuite hostname="Angelas-MacBook-Pro.local" ignored="0" name="Android Nexus Tests" tests="11" failures="0" timestamp="11 Jun 2019 05:24:41 GMT" time="745.893" errors="0">
  <testcase name="mFilterBath" time="29.195" classname="mobileTests.MFilterByBedBath"/>
  <testcase name="mFilterBed" time="32.02" classname="mobileTests.MFilterByBedBath"/>
  <testcase name="mFilterKeyword" time="60.017" classname="mobileTests.MFilterByKeyword"/>
  <testcase name="mFilterForSale" time="40.815" classname="mobileTests.MFilterByPendingSoldForSaleStatus"/>
  <testcase name="mFilterPending" time="39.316" classname="mobileTests.MFilterByPendingSoldForSaleStatus"/>
  <testcase name="mFilterSold" time="39.1" classname="mobileTests.MFilterByPendingSoldForSaleStatus"/>
  <testcase name="mFilterCondo" time="71.77" classname="mobileTests.MFilterByPropertyType"/>
  <testcase name="mFilterSingleFamily" time="70.732" classname="mobileTests.MFilterByPropertyType"/>
  <testcase name="mFilterTownHome" time="74.088" classname="mobileTests.MFilterByPropertyType"/>
  <testcase name="mFilterSqFt" time="39.328" classname="mobileTests.MFilterBySqFt"/>
  <testcase name="mFilterYear" time="85.953" classname="mobileTests.MFilterByYear"/>
</testsuite> <!-- Android Nexus Tests -->
