<?xml version="1.0" encoding="UTF-8"?>
<!-- Generated by org.testng.reporters.JUnitXMLReporter -->
<testsuite hostname="Angelas-MacBook-Pro.local" ignored="0" name="Android GalaxyTabA2017 Tests" tests="11" failures="0" timestamp="11 Jun 2019 05:26:09 GMT" time="833.881" errors="0">
  <testcase name="mFilterBath" time="32.361" classname="mobileTests.MFilterByBedBath"/>
  <testcase name="mFilterBed" time="32.357" classname="mobileTests.MFilterByBedBath"/>
  <testcase name="mFilterKeyword" time="61.375" classname="mobileTests.MFilterByKeyword"/>
  <testcase name="mFilterForSale" time="43.782" classname="mobileTests.MFilterByPendingSoldForSaleStatus"/>
  <testcase name="mFilterPending" time="43.63" classname="mobileTests.MFilterByPendingSoldForSaleStatus"/>
  <testcase name="mFilterSold" time="43.936" classname="mobileTests.MFilterByPendingSoldForSaleStatus"/>
  <testcase name="mFilterCondo" time="82.196" classname="mobileTests.MFilterByPropertyType"/>
  <testcase name="mFilterSingleFamily" time="79.538" classname="mobileTests.MFilterByPropertyType"/>
  <testcase name="mFilterTownHome" time="81.562" classname="mobileTests.MFilterByPropertyType"/>
  <testcase name="mFilterSqFt" time="40.648" classname="mobileTests.MFilterBySqFt"/>
  <testcase name="mFilterYear" time="96.101" classname="mobileTests.MFilterByYear"/>
</testsuite> <!-- Android GalaxyTabA2017 Tests -->
