<?xml version="1.0" encoding="UTF-8"?>
<!-- Generated by org.testng.reporters.JUnitXMLReporter -->
<testsuite hostname="Angelas-MacBook-Pro.local" ignored="0" name="Mac Chrome Tests" tests="2" failures="0" timestamp="07 Jun 2019 20:45:16 GMT" time="79.642" errors="0">
  <testcase name="filterResultsBySqFeet" time="21.489" classname="webTests.FilterMoreResultsBySquareFeet"/>
  <testcase name="filterResultsByKeyword" time="47.315" classname="webTests.FilterMoreResultsByKeyword"/>
</testsuite> <!-- Mac Chrome Tests -->
