<?xml version="1.0" encoding="UTF-8"?>
<!-- Generated by org.testng.reporters.JUnitXMLReporter -->
<testsuite hostname="Angelas-MacBook-Pro.local" ignored="0" name="Mac Firefox Tests" tests="2" failures="0" timestamp="07 Jun 2019 20:42:58 GMT" time="80.318" errors="0">
  <testcase name="filterResultsBySqFeet" time="20.142" classname="webTests.FilterMoreResultsBySquareFeet"/>
  <testcase name="filterResultsByKeyword" time="43.223" classname="webTests.FilterMoreResultsByKeyword"/>
</testsuite> <!-- Mac Firefox Tests -->
