<?xml version="1.0" encoding="UTF-8"?>
<!-- Generated by org.testng.reporters.JUnitXMLReporter -->
<testsuite hostname="Angelas-MacBook-Pro.local" ignored="0" name="Test Run 1" tests="3" failures="0" timestamp="11 Apr 2018 04:17:47 GMT" time="180.304" errors="0">
  <testcase name="loginSearch" time="18.675" classname="webTests.Login_and_Search"/>
  <testcase name="searchSpecificProperty" time="9.947" classname="webTests.SearchforSpecificProperty"/>
  <testcase name="signUp_NewUser" time="136.131" classname="webTests.SignUp_NewUser"/>
</testsuite> <!-- Test Run 1 -->
