<?xml version="1.0" encoding="UTF-8"?>
<!-- Generated by org.testng.reporters.JUnitXMLReporter -->
<testsuite hostname="Angelas-MacBook-Pro.local" ignored="0" name="Win Chrome Tests" tests="2" failures="0" timestamp="07 Jun 2019 20:45:52 GMT" time="169.306" errors="0">
  <testcase name="filterResultsBySqFeet" time="33.716" classname="webTests.FilterMoreResultsBySquareFeet"/>
  <testcase name="filterResultsByKeyword" time="58.901" classname="webTests.FilterMoreResultsByKeyword"/>
</testsuite> <!-- Win Chrome Tests -->
