<?xml version="1.0" encoding="UTF-8"?>
<!-- Generated by org.testng.reporters.JUnitXMLReporter -->
<testsuite hostname="Angelas-MacBook-Pro.local" ignored="0" name="Win Firefox Tests" tests="2" failures="0" timestamp="07 Jun 2019 20:43:51 GMT" time="133.898" errors="0">
  <testcase name="filterResultsBySqFeet" time="30.681" classname="webTests.FilterMoreResultsBySquareFeet"/>
  <testcase name="filterResultsByKeyword" time="60.994" classname="webTests.FilterMoreResultsByKeyword"/>
</testsuite> <!-- Win Firefox Tests -->
