<?xml version="1.0" encoding="UTF-8"?>
<!-- Generated by org.testng.reporters.JUnitXMLReporter -->
<testsuite hostname="Angelas-MacBook-Pro.local" ignored="0" name="Mac Chrome Tests" tests="2" failures="0" timestamp="26 Apr 2019 19:00:07 GMT" time="78.344" errors="0">
  <testcase name="filterResultsBySqFeet" time="29.932" classname="webTests.FilterMoreResultsBySquareFeet"/>
  <testcase name="filterResultsByKeyword" time="37.659" classname="webTests.FilterMoreResultsByKeyword"/>
</testsuite> <!-- Mac Chrome Tests -->
