<?xml version="1.0" encoding="UTF-8"?>
<!-- Generated by org.testng.reporters.JUnitXMLReporter -->
<testsuite hostname="Angelas-MacBook-Pro.local" ignored="0" name="Mac Firefox Tests" tests="2" failures="0" timestamp="26 Apr 2019 18:57:49 GMT" time="84.281" errors="0">
  <testcase name="filterResultsBySqFeet" time="30.506" classname="webTests.FilterMoreResultsBySquareFeet"/>
  <testcase name="filterResultsByKeyword" time="36.126" classname="webTests.FilterMoreResultsByKeyword"/>
</testsuite> <!-- Mac Firefox Tests -->
