<?xml version="1.0" encoding="UTF-8"?>
<!-- Generated by org.testng.reporters.JUnitXMLReporter -->
<testsuite hostname="Angelas-MacBook-Pro.local" ignored="0" name="Win Firefox Tests" tests="2" failures="0" timestamp="26 Apr 2019 18:58:43 GMT" time="138.851" errors="0">
  <testcase name="filterResultsBySqFeet" time="44.076" classname="webTests.FilterMoreResultsBySquareFeet"/>
  <testcase name="filterResultsByKeyword" time="57.848" classname="webTests.FilterMoreResultsByKeyword"/>
</testsuite> <!-- Win Firefox Tests -->
