<?xml version="1.0" encoding="UTF-8"?>
<!-- Generated by org.testng.reporters.JUnitXMLReporter -->
<testsuite hostname="Angelas-MacBook-Pro.local" ignored="0" name="Win Chrome Tests" tests="2" failures="0" timestamp="26 Apr 2019 19:00:46 GMT" time="171.822" errors="0">
  <testcase name="filterResultsBySqFeet" time="39.994" classname="webTests.FilterMoreResultsBySquareFeet"/>
  <testcase name="filterResultsByKeyword" time="58.663" classname="webTests.FilterMoreResultsByKeyword"/>
</testsuite> <!-- Win Chrome Tests -->
