<?xml version="1.0" encoding="UTF-8"?>
<testng-results skipped="0" failed="0" ignored="0" total="22" passed="22">
  <reporter-output>
  </reporter-output>
  <suite name="XOME Suite" duration-ms="833881" started-at="2019-06-11T05:12:10Z" finished-at="2019-06-11T05:26:04Z">
    <groups>
      <group name="regression">
        <method signature="MFilterByBedBath.mFilterBath(java.lang.String, java.lang.String)[pri:0, instance:mobileTests.MFilterByBedBath@1ce24091]" name="mFilterBath" class="mobileTests.MFilterByBedBath"/>
        <method signature="MFilterByBedBath.mFilterBed(java.lang.String, java.lang.String)[pri:0, instance:mobileTests.MFilterByBedBath@1ce24091]" name="mFilterBed" class="mobileTests.MFilterByBedBath"/>
        <method signature="MFilterByKeyword.mFilterKeyword(java.lang.String, java.lang.String)[pri:0, instance:mobileTests.MFilterByKeyword@5dda768f]" name="mFilterKeyword" class="mobileTests.MFilterByKeyword"/>
        <method signature="MFilterByPendingSoldForSaleStatus.mFilterForSale(java.lang.String)[pri:0, instance:mobileTests.MFilterByPendingSoldForSaleStatus@7a8c8dcf]" name="mFilterForSale" class="mobileTests.MFilterByPendingSoldForSaleStatus"/>
        <method signature="MFilterByPendingSoldForSaleStatus.mFilterPending(java.lang.String)[pri:0, instance:mobileTests.MFilterByPendingSoldForSaleStatus@7a8c8dcf]" name="mFilterPending" class="mobileTests.MFilterByPendingSoldForSaleStatus"/>
        <method signature="MFilterByPendingSoldForSaleStatus.mFilterSold(java.lang.String)[pri:0, instance:mobileTests.MFilterByPendingSoldForSaleStatus@7a8c8dcf]" name="mFilterSold" class="mobileTests.MFilterByPendingSoldForSaleStatus"/>
        <method signature="MFilterByPropertyType.mFilterCondo(java.lang.String)[pri:0, instance:mobileTests.MFilterByPropertyType@24269709]" name="mFilterCondo" class="mobileTests.MFilterByPropertyType"/>
        <method signature="MFilterByPropertyType.mFilterSingleFamily(java.lang.String)[pri:0, instance:mobileTests.MFilterByPropertyType@24269709]" name="mFilterSingleFamily" class="mobileTests.MFilterByPropertyType"/>
        <method signature="MFilterByPropertyType.mFilterTownHome(java.lang.String)[pri:0, instance:mobileTests.MFilterByPropertyType@24269709]" name="mFilterTownHome" class="mobileTests.MFilterByPropertyType"/>
        <method signature="MFilterBySqFt.mFilterSqFt(java.lang.String, java.lang.String, java.lang.String)[pri:0, instance:mobileTests.MFilterBySqFt@2aceadd4]" name="mFilterSqFt" class="mobileTests.MFilterBySqFt"/>
        <method signature="MFilterByYear.mFilterYear(java.lang.String, java.lang.String, java.lang.String)[pri:0, instance:mobileTests.MFilterByYear@24aed80c]" name="mFilterYear" class="mobileTests.MFilterByYear"/>
        <method signature="MFilterByBedBath.mFilterBath(java.lang.String, java.lang.String)[pri:0, instance:mobileTests.MFilterByBedBath@2002fc1d]" name="mFilterBath" class="mobileTests.MFilterByBedBath"/>
        <method signature="MFilterByBedBath.mFilterBed(java.lang.String, java.lang.String)[pri:0, instance:mobileTests.MFilterByBedBath@2002fc1d]" name="mFilterBed" class="mobileTests.MFilterByBedBath"/>
        <method signature="MFilterByKeyword.mFilterKeyword(java.lang.String, java.lang.String)[pri:0, instance:mobileTests.MFilterByKeyword@69453e37]" name="mFilterKeyword" class="mobileTests.MFilterByKeyword"/>
        <method signature="MFilterByPendingSoldForSaleStatus.mFilterForSale(java.lang.String)[pri:0, instance:mobileTests.MFilterByPendingSoldForSaleStatus@6f4a47c7]" name="mFilterForSale" class="mobileTests.MFilterByPendingSoldForSaleStatus"/>
        <method signature="MFilterByPendingSoldForSaleStatus.mFilterPending(java.lang.String)[pri:0, instance:mobileTests.MFilterByPendingSoldForSaleStatus@6f4a47c7]" name="mFilterPending" class="mobileTests.MFilterByPendingSoldForSaleStatus"/>
        <method signature="MFilterByPendingSoldForSaleStatus.mFilterSold(java.lang.String)[pri:0, instance:mobileTests.MFilterByPendingSoldForSaleStatus@6f4a47c7]" name="mFilterSold" class="mobileTests.MFilterByPendingSoldForSaleStatus"/>
        <method signature="MFilterByPropertyType.mFilterCondo(java.lang.String)[pri:0, instance:mobileTests.MFilterByPropertyType@ae13544]" name="mFilterCondo" class="mobileTests.MFilterByPropertyType"/>
        <method signature="MFilterByPropertyType.mFilterSingleFamily(java.lang.String)[pri:0, instance:mobileTests.MFilterByPropertyType@ae13544]" name="mFilterSingleFamily" class="mobileTests.MFilterByPropertyType"/>
        <method signature="MFilterByPropertyType.mFilterTownHome(java.lang.String)[pri:0, instance:mobileTests.MFilterByPropertyType@ae13544]" name="mFilterTownHome" class="mobileTests.MFilterByPropertyType"/>
        <method signature="MFilterBySqFt.mFilterSqFt(java.lang.String, java.lang.String, java.lang.String)[pri:0, instance:mobileTests.MFilterBySqFt@3d34d211]" name="mFilterSqFt" class="mobileTests.MFilterBySqFt"/>
        <method signature="MFilterByYear.mFilterYear(java.lang.String, java.lang.String, java.lang.String)[pri:0, instance:mobileTests.MFilterByYear@7dc0f706]" name="mFilterYear" class="mobileTests.MFilterByYear"/>
      </group> <!-- regression -->
      <group name="smoke">
        <method signature="MFilterByBedBath.mFilterBath(java.lang.String, java.lang.String)[pri:0, instance:mobileTests.MFilterByBedBath@1ce24091]" name="mFilterBath" class="mobileTests.MFilterByBedBath"/>
        <method signature="MFilterByBedBath.mFilterBed(java.lang.String, java.lang.String)[pri:0, instance:mobileTests.MFilterByBedBath@1ce24091]" name="mFilterBed" class="mobileTests.MFilterByBedBath"/>
        <method signature="MFilterByKeyword.mFilterKeyword(java.lang.String, java.lang.String)[pri:0, instance:mobileTests.MFilterByKeyword@5dda768f]" name="mFilterKeyword" class="mobileTests.MFilterByKeyword"/>
        <method signature="MFilterByPendingSoldForSaleStatus.mFilterForSale(java.lang.String)[pri:0, instance:mobileTests.MFilterByPendingSoldForSaleStatus@7a8c8dcf]" name="mFilterForSale" class="mobileTests.MFilterByPendingSoldForSaleStatus"/>
        <method signature="MFilterByPendingSoldForSaleStatus.mFilterPending(java.lang.String)[pri:0, instance:mobileTests.MFilterByPendingSoldForSaleStatus@7a8c8dcf]" name="mFilterPending" class="mobileTests.MFilterByPendingSoldForSaleStatus"/>
        <method signature="MFilterByPendingSoldForSaleStatus.mFilterSold(java.lang.String)[pri:0, instance:mobileTests.MFilterByPendingSoldForSaleStatus@7a8c8dcf]" name="mFilterSold" class="mobileTests.MFilterByPendingSoldForSaleStatus"/>
        <method signature="MFilterByPropertyType.mFilterCondo(java.lang.String)[pri:0, instance:mobileTests.MFilterByPropertyType@24269709]" name="mFilterCondo" class="mobileTests.MFilterByPropertyType"/>
        <method signature="MFilterByPropertyType.mFilterSingleFamily(java.lang.String)[pri:0, instance:mobileTests.MFilterByPropertyType@24269709]" name="mFilterSingleFamily" class="mobileTests.MFilterByPropertyType"/>
        <method signature="MFilterByPropertyType.mFilterTownHome(java.lang.String)[pri:0, instance:mobileTests.MFilterByPropertyType@24269709]" name="mFilterTownHome" class="mobileTests.MFilterByPropertyType"/>
        <method signature="MFilterBySqFt.mFilterSqFt(java.lang.String, java.lang.String, java.lang.String)[pri:0, instance:mobileTests.MFilterBySqFt@2aceadd4]" name="mFilterSqFt" class="mobileTests.MFilterBySqFt"/>
        <method signature="MFilterByYear.mFilterYear(java.lang.String, java.lang.String, java.lang.String)[pri:0, instance:mobileTests.MFilterByYear@24aed80c]" name="mFilterYear" class="mobileTests.MFilterByYear"/>
        <method signature="MFilterByBedBath.mFilterBath(java.lang.String, java.lang.String)[pri:0, instance:mobileTests.MFilterByBedBath@2002fc1d]" name="mFilterBath" class="mobileTests.MFilterByBedBath"/>
        <method signature="MFilterByBedBath.mFilterBed(java.lang.String, java.lang.String)[pri:0, instance:mobileTests.MFilterByBedBath@2002fc1d]" name="mFilterBed" class="mobileTests.MFilterByBedBath"/>
        <method signature="MFilterByKeyword.mFilterKeyword(java.lang.String, java.lang.String)[pri:0, instance:mobileTests.MFilterByKeyword@69453e37]" name="mFilterKeyword" class="mobileTests.MFilterByKeyword"/>
        <method signature="MFilterByPendingSoldForSaleStatus.mFilterForSale(java.lang.String)[pri:0, instance:mobileTests.MFilterByPendingSoldForSaleStatus@6f4a47c7]" name="mFilterForSale" class="mobileTests.MFilterByPendingSoldForSaleStatus"/>
        <method signature="MFilterByPendingSoldForSaleStatus.mFilterPending(java.lang.String)[pri:0, instance:mobileTests.MFilterByPendingSoldForSaleStatus@6f4a47c7]" name="mFilterPending" class="mobileTests.MFilterByPendingSoldForSaleStatus"/>
        <method signature="MFilterByPendingSoldForSaleStatus.mFilterSold(java.lang.String)[pri:0, instance:mobileTests.MFilterByPendingSoldForSaleStatus@6f4a47c7]" name="mFilterSold" class="mobileTests.MFilterByPendingSoldForSaleStatus"/>
        <method signature="MFilterByPropertyType.mFilterCondo(java.lang.String)[pri:0, instance:mobileTests.MFilterByPropertyType@ae13544]" name="mFilterCondo" class="mobileTests.MFilterByPropertyType"/>
        <method signature="MFilterByPropertyType.mFilterSingleFamily(java.lang.String)[pri:0, instance:mobileTests.MFilterByPropertyType@ae13544]" name="mFilterSingleFamily" class="mobileTests.MFilterByPropertyType"/>
        <method signature="MFilterByPropertyType.mFilterTownHome(java.lang.String)[pri:0, instance:mobileTests.MFilterByPropertyType@ae13544]" name="mFilterTownHome" class="mobileTests.MFilterByPropertyType"/>
        <method signature="MFilterBySqFt.mFilterSqFt(java.lang.String, java.lang.String, java.lang.String)[pri:0, instance:mobileTests.MFilterBySqFt@3d34d211]" name="mFilterSqFt" class="mobileTests.MFilterBySqFt"/>
        <method signature="MFilterByYear.mFilterYear(java.lang.String, java.lang.String, java.lang.String)[pri:0, instance:mobileTests.MFilterByYear@7dc0f706]" name="mFilterYear" class="mobileTests.MFilterByYear"/>
      </group> <!-- smoke -->
    </groups>
    <test name="Android Nexus Tests" duration-ms="745893" started-at="2019-06-11T05:12:10Z" finished-at="2019-06-11T05:24:36Z">
      <class name="mobileTests.MFilterByKeyword">
        <test-method status="PASS" signature="setDriver(java.lang.String, java.lang.String, java.lang.String)[pri:0, instance:mobileTests.MFilterByKeyword@69453e37]" name="setDriver" is-config="true" duration-ms="13149" started-at="2019-06-11T05:13:45Z" finished-at="2019-06-11T05:13:58Z">
          <params>
            <param index="0">
              <value>
                <![CDATA[]]>
              </value>
            </param>
            <param index="1">
              <value>
                <![CDATA[]]>
              </value>
            </param>
            <param index="2">
              <value>
                <![CDATA[HT4CJJT00982]]>
              </value>
            </param>
          </params>
          <reporter-output>
          </reporter-output>
        </test-method> <!-- setDriver -->
        <test-method status="PASS" signature="mFilterKeyword(java.lang.String, java.lang.String)[pri:0, instance:mobileTests.MFilterByKeyword@69453e37]" name="mFilterKeyword" duration-ms="60017" started-at="2019-06-11T05:13:58Z" data-provider="getMobileData" finished-at="2019-06-11T05:14:58Z">
          <params>
            <param index="0">
              <value>
                <![CDATA[Irvine, CA]]>
              </value>
            </param>
            <param index="1">
              <value>
                <![CDATA[hardwood floor]]>
              </value>
            </param>
          </params>
          <reporter-output>
          </reporter-output>
        </test-method> <!-- mFilterKeyword -->
        <test-method status="PASS" signature="OnFailure(org.testng.ITestResult)[pri:0, instance:mobileTests.MFilterByKeyword@69453e37]" name="OnFailure" is-config="true" duration-ms="1" started-at="2019-06-11T05:14:58Z" finished-at="2019-06-11T05:14:58Z">
          <params>
            <param index="0">
              <value>
                <![CDATA[[TestResult name=mFilterKeyword status=SUCCESS method=MFilterByKeyword.mFilterKeyword(java.lang.String, java.lang.String)[pri:0, instance:mobileTests.MFilterByKeyword@69453e37] output={null}]]]>
              </value>
            </param>
          </params>
          <reporter-output>
          </reporter-output>
        </test-method> <!-- OnFailure -->
        <test-method status="PASS" signature="tearDown()[pri:0, instance:mobileTests.MFilterByKeyword@69453e37]" name="tearDown" is-config="true" duration-ms="1091" started-at="2019-06-11T05:14:58Z" finished-at="2019-06-11T05:14:59Z">
          <reporter-output>
          </reporter-output>
        </test-method> <!-- tearDown -->
      </class> <!-- mobileTests.MFilterByKeyword -->
      <class name="mobileTests.MFilterByBedBath">
        <test-method status="PASS" signature="setDriver(java.lang.String, java.lang.String, java.lang.String)[pri:0, instance:mobileTests.MFilterByBedBath@2002fc1d]" name="setDriver" is-config="true" duration-ms="18359" started-at="2019-06-11T05:12:11Z" finished-at="2019-06-11T05:12:29Z">
          <params>
            <param index="0">
              <value>
                <![CDATA[]]>
              </value>
            </param>
            <param index="1">
              <value>
                <![CDATA[]]>
              </value>
            </param>
            <param index="2">
              <value>
                <![CDATA[HT4CJJT00982]]>
              </value>
            </param>
          </params>
          <reporter-output>
          </reporter-output>
        </test-method> <!-- setDriver -->
        <test-method status="PASS" signature="mFilterBath(java.lang.String, java.lang.String)[pri:0, instance:mobileTests.MFilterByBedBath@2002fc1d]" name="mFilterBath" duration-ms="29195" started-at="2019-06-11T05:12:29Z" data-provider="getMobileData" finished-at="2019-06-11T05:12:58Z">
          <params>
            <param index="0">
              <value>
                <![CDATA[Irvine, CA]]>
              </value>
            </param>
            <param index="1">
              <value>
                <![CDATA[3]]>
              </value>
            </param>
          </params>
          <reporter-output>
          </reporter-output>
        </test-method> <!-- mFilterBath -->
        <test-method status="PASS" signature="OnFailure(org.testng.ITestResult)[pri:0, instance:mobileTests.MFilterByBedBath@2002fc1d]" name="OnFailure" is-config="true" duration-ms="0" started-at="2019-06-11T05:12:58Z" finished-at="2019-06-11T05:12:58Z">
          <params>
            <param index="0">
              <value>
                <![CDATA[[TestResult name=mFilterBath status=SUCCESS method=MFilterByBedBath.mFilterBath(java.lang.String, java.lang.String)[pri:0, instance:mobileTests.MFilterByBedBath@2002fc1d] output={null}]]]>
              </value>
            </param>
          </params>
          <reporter-output>
          </reporter-output>
        </test-method> <!-- OnFailure -->
        <test-method status="PASS" signature="tearDown()[pri:0, instance:mobileTests.MFilterByBedBath@2002fc1d]" name="tearDown" is-config="true" duration-ms="880" started-at="2019-06-11T05:12:58Z" finished-at="2019-06-11T05:12:59Z">
          <reporter-output>
          </reporter-output>
        </test-method> <!-- tearDown -->
        <test-method status="PASS" signature="setDriver(java.lang.String, java.lang.String, java.lang.String)[pri:0, instance:mobileTests.MFilterByBedBath@2002fc1d]" name="setDriver" is-config="true" duration-ms="13010" started-at="2019-06-11T05:12:59Z" finished-at="2019-06-11T05:13:12Z">
          <params>
            <param index="0">
              <value>
                <![CDATA[]]>
              </value>
            </param>
            <param index="1">
              <value>
                <![CDATA[]]>
              </value>
            </param>
            <param index="2">
              <value>
                <![CDATA[HT4CJJT00982]]>
              </value>
            </param>
          </params>
          <reporter-output>
          </reporter-output>
        </test-method> <!-- setDriver -->
        <test-method status="PASS" signature="mFilterBed(java.lang.String, java.lang.String)[pri:0, instance:mobileTests.MFilterByBedBath@2002fc1d]" name="mFilterBed" duration-ms="32020" started-at="2019-06-11T05:13:12Z" data-provider="getMobileData" finished-at="2019-06-11T05:13:44Z">
          <params>
            <param index="0">
              <value>
                <![CDATA[Irvine, CA]]>
              </value>
            </param>
            <param index="1">
              <value>
                <![CDATA[3]]>
              </value>
            </param>
          </params>
          <reporter-output>
          </reporter-output>
        </test-method> <!-- mFilterBed -->
        <test-method status="PASS" signature="tearDown()[pri:0, instance:mobileTests.MFilterByBedBath@2002fc1d]" name="tearDown" is-config="true" duration-ms="755" started-at="2019-06-11T05:13:44Z" finished-at="2019-06-11T05:13:45Z">
          <reporter-output>
          </reporter-output>
        </test-method> <!-- tearDown -->
        <test-method status="PASS" signature="OnFailure(org.testng.ITestResult)[pri:0, instance:mobileTests.MFilterByBedBath@2002fc1d]" name="OnFailure" is-config="true" duration-ms="0" started-at="2019-06-11T05:13:44Z" finished-at="2019-06-11T05:13:44Z">
          <params>
            <param index="0">
              <value>
                <![CDATA[[TestResult name=mFilterBed status=SUCCESS method=MFilterByBedBath.mFilterBed(java.lang.String, java.lang.String)[pri:0, instance:mobileTests.MFilterByBedBath@2002fc1d] output={null}]]]>
              </value>
            </param>
          </params>
          <reporter-output>
          </reporter-output>
        </test-method> <!-- OnFailure -->
      </class> <!-- mobileTests.MFilterByBedBath -->
      <class name="mobileTests.MFilterByPropertyType">
        <test-method status="PASS" signature="setDriver(java.lang.String, java.lang.String, java.lang.String)[pri:0, instance:mobileTests.MFilterByPropertyType@ae13544]" name="setDriver" is-config="true" duration-ms="12947" started-at="2019-06-11T05:17:41Z" finished-at="2019-06-11T05:17:54Z">
          <params>
            <param index="0">
              <value>
                <![CDATA[]]>
              </value>
            </param>
            <param index="1">
              <value>
                <![CDATA[]]>
              </value>
            </param>
            <param index="2">
              <value>
                <![CDATA[HT4CJJT00982]]>
              </value>
            </param>
          </params>
          <reporter-output>
          </reporter-output>
        </test-method> <!-- setDriver -->
        <test-method status="PASS" signature="mFilterCondo(java.lang.String)[pri:0, instance:mobileTests.MFilterByPropertyType@ae13544]" name="mFilterCondo" duration-ms="71770" started-at="2019-06-11T05:17:54Z" data-provider="getMobileData" finished-at="2019-06-11T05:19:05Z">
          <params>
            <param index="0">
              <value>
                <![CDATA[Irvine, CA]]>
              </value>
            </param>
          </params>
          <reporter-output>
          </reporter-output>
        </test-method> <!-- mFilterCondo -->
        <test-method status="PASS" signature="OnFailure(org.testng.ITestResult)[pri:0, instance:mobileTests.MFilterByPropertyType@ae13544]" name="OnFailure" is-config="true" duration-ms="0" started-at="2019-06-11T05:19:05Z" finished-at="2019-06-11T05:19:05Z">
          <params>
            <param index="0">
              <value>
                <![CDATA[[TestResult name=mFilterCondo status=SUCCESS method=MFilterByPropertyType.mFilterCondo(java.lang.String)[pri:0, instance:mobileTests.MFilterByPropertyType@ae13544] output={null}]]]>
              </value>
            </param>
          </params>
          <reporter-output>
          </reporter-output>
        </test-method> <!-- OnFailure -->
        <test-method status="PASS" signature="tearDown()[pri:0, instance:mobileTests.MFilterByPropertyType@ae13544]" name="tearDown" is-config="true" duration-ms="948" started-at="2019-06-11T05:19:05Z" finished-at="2019-06-11T05:19:06Z">
          <reporter-output>
          </reporter-output>
        </test-method> <!-- tearDown -->
        <test-method status="PASS" signature="setDriver(java.lang.String, java.lang.String, java.lang.String)[pri:0, instance:mobileTests.MFilterByPropertyType@ae13544]" name="setDriver" is-config="true" duration-ms="16296" started-at="2019-06-11T05:19:06Z" finished-at="2019-06-11T05:19:23Z">
          <params>
            <param index="0">
              <value>
                <![CDATA[]]>
              </value>
            </param>
            <param index="1">
              <value>
                <![CDATA[]]>
              </value>
            </param>
            <param index="2">
              <value>
                <![CDATA[HT4CJJT00982]]>
              </value>
            </param>
          </params>
          <reporter-output>
          </reporter-output>
        </test-method> <!-- setDriver -->
        <test-method status="PASS" signature="mFilterSingleFamily(java.lang.String)[pri:0, instance:mobileTests.MFilterByPropertyType@ae13544]" name="mFilterSingleFamily" duration-ms="70732" started-at="2019-06-11T05:19:23Z" data-provider="getMobileData" finished-at="2019-06-11T05:20:33Z">
          <params>
            <param index="0">
              <value>
                <![CDATA[Irvine, CA]]>
              </value>
            </param>
          </params>
          <reporter-output>
          </reporter-output>
        </test-method> <!-- mFilterSingleFamily -->
        <test-method status="PASS" signature="OnFailure(org.testng.ITestResult)[pri:0, instance:mobileTests.MFilterByPropertyType@ae13544]" name="OnFailure" is-config="true" duration-ms="0" started-at="2019-06-11T05:20:33Z" finished-at="2019-06-11T05:20:33Z">
          <params>
            <param index="0">
              <value>
                <![CDATA[[TestResult name=mFilterSingleFamily status=SUCCESS method=MFilterByPropertyType.mFilterSingleFamily(java.lang.String)[pri:0, instance:mobileTests.MFilterByPropertyType@ae13544] output={null}]]]>
              </value>
            </param>
          </params>
          <reporter-output>
          </reporter-output>
        </test-method> <!-- OnFailure -->
        <test-method status="PASS" signature="tearDown()[pri:0, instance:mobileTests.MFilterByPropertyType@ae13544]" name="tearDown" is-config="true" duration-ms="810" started-at="2019-06-11T05:20:33Z" finished-at="2019-06-11T05:20:34Z">
          <reporter-output>
          </reporter-output>
        </test-method> <!-- tearDown -->
        <test-method status="PASS" signature="setDriver(java.lang.String, java.lang.String, java.lang.String)[pri:0, instance:mobileTests.MFilterByPropertyType@ae13544]" name="setDriver" is-config="true" duration-ms="13115" started-at="2019-06-11T05:20:34Z" finished-at="2019-06-11T05:20:47Z">
          <params>
            <param index="0">
              <value>
                <![CDATA[]]>
              </value>
            </param>
            <param index="1">
              <value>
                <![CDATA[]]>
              </value>
            </param>
            <param index="2">
              <value>
                <![CDATA[HT4CJJT00982]]>
              </value>
            </param>
          </params>
          <reporter-output>
          </reporter-output>
        </test-method> <!-- setDriver -->
        <test-method status="PASS" signature="mFilterTownHome(java.lang.String)[pri:0, instance:mobileTests.MFilterByPropertyType@ae13544]" name="mFilterTownHome" duration-ms="74088" started-at="2019-06-11T05:20:47Z" data-provider="getMobileData" finished-at="2019-06-11T05:22:01Z">
          <params>
            <param index="0">
              <value>
                <![CDATA[Irvine, CA]]>
              </value>
            </param>
          </params>
          <reporter-output>
          </reporter-output>
        </test-method> <!-- mFilterTownHome -->
        <test-method status="PASS" signature="tearDown()[pri:0, instance:mobileTests.MFilterByPropertyType@ae13544]" name="tearDown" is-config="true" duration-ms="927" started-at="2019-06-11T05:22:01Z" finished-at="2019-06-11T05:22:02Z">
          <reporter-output>
          </reporter-output>
        </test-method> <!-- tearDown -->
        <test-method status="PASS" signature="OnFailure(org.testng.ITestResult)[pri:0, instance:mobileTests.MFilterByPropertyType@ae13544]" name="OnFailure" is-config="true" duration-ms="0" started-at="2019-06-11T05:22:01Z" finished-at="2019-06-11T05:22:01Z">
          <params>
            <param index="0">
              <value>
                <![CDATA[[TestResult name=mFilterTownHome status=SUCCESS method=MFilterByPropertyType.mFilterTownHome(java.lang.String)[pri:0, instance:mobileTests.MFilterByPropertyType@ae13544] output={null}]]]>
              </value>
            </param>
          </params>
          <reporter-output>
          </reporter-output>
        </test-method> <!-- OnFailure -->
      </class> <!-- mobileTests.MFilterByPropertyType -->
      <class name="mobileTests.MFilterByPendingSoldForSaleStatus">
        <test-method status="PASS" signature="setDriver(java.lang.String, java.lang.String, java.lang.String)[pri:0, instance:mobileTests.MFilterByPendingSoldForSaleStatus@6f4a47c7]" name="setDriver" is-config="true" duration-ms="13035" started-at="2019-06-11T05:14:59Z" finished-at="2019-06-11T05:15:12Z">
          <params>
            <param index="0">
              <value>
                <![CDATA[]]>
              </value>
            </param>
            <param index="1">
              <value>
                <![CDATA[]]>
              </value>
            </param>
            <param index="2">
              <value>
                <![CDATA[HT4CJJT00982]]>
              </value>
            </param>
          </params>
          <reporter-output>
          </reporter-output>
        </test-method> <!-- setDriver -->
        <test-method status="PASS" signature="mFilterForSale(java.lang.String)[pri:0, instance:mobileTests.MFilterByPendingSoldForSaleStatus@6f4a47c7]" name="mFilterForSale" duration-ms="40815" started-at="2019-06-11T05:15:12Z" data-provider="getMobileData" finished-at="2019-06-11T05:15:53Z">
          <params>
            <param index="0">
              <value>
                <![CDATA[Irvine, CA]]>
              </value>
            </param>
          </params>
          <reporter-output>
          </reporter-output>
        </test-method> <!-- mFilterForSale -->
        <test-method status="PASS" signature="OnFailure(org.testng.ITestResult)[pri:0, instance:mobileTests.MFilterByPendingSoldForSaleStatus@6f4a47c7]" name="OnFailure" is-config="true" duration-ms="1" started-at="2019-06-11T05:15:53Z" finished-at="2019-06-11T05:15:53Z">
          <params>
            <param index="0">
              <value>
                <![CDATA[[TestResult name=mFilterForSale status=SUCCESS method=MFilterByPendingSoldForSaleStatus.mFilterForSale(java.lang.String)[pri:0, instance:mobileTests.MFilterByPendingSoldForSaleStatus@6f4a47c7] output={null}]]]>
              </value>
            </param>
          </params>
          <reporter-output>
          </reporter-output>
        </test-method> <!-- OnFailure -->
        <test-method status="PASS" signature="tearDown()[pri:0, instance:mobileTests.MFilterByPendingSoldForSaleStatus@6f4a47c7]" name="tearDown" is-config="true" duration-ms="874" started-at="2019-06-11T05:15:53Z" finished-at="2019-06-11T05:15:54Z">
          <reporter-output>
          </reporter-output>
        </test-method> <!-- tearDown -->
        <test-method status="PASS" signature="setDriver(java.lang.String, java.lang.String, java.lang.String)[pri:0, instance:mobileTests.MFilterByPendingSoldForSaleStatus@6f4a47c7]" name="setDriver" is-config="true" duration-ms="13071" started-at="2019-06-11T05:15:54Z" finished-at="2019-06-11T05:16:07Z">
          <params>
            <param index="0">
              <value>
                <![CDATA[]]>
              </value>
            </param>
            <param index="1">
              <value>
                <![CDATA[]]>
              </value>
            </param>
            <param index="2">
              <value>
                <![CDATA[HT4CJJT00982]]>
              </value>
            </param>
          </params>
          <reporter-output>
          </reporter-output>
        </test-method> <!-- setDriver -->
        <test-method status="PASS" signature="mFilterPending(java.lang.String)[pri:0, instance:mobileTests.MFilterByPendingSoldForSaleStatus@6f4a47c7]" name="mFilterPending" duration-ms="39316" started-at="2019-06-11T05:16:07Z" data-provider="getMobileData" finished-at="2019-06-11T05:16:47Z">
          <params>
            <param index="0">
              <value>
                <![CDATA[Irvine, CA]]>
              </value>
            </param>
          </params>
          <reporter-output>
          </reporter-output>
        </test-method> <!-- mFilterPending -->
        <test-method status="PASS" signature="OnFailure(org.testng.ITestResult)[pri:0, instance:mobileTests.MFilterByPendingSoldForSaleStatus@6f4a47c7]" name="OnFailure" is-config="true" duration-ms="0" started-at="2019-06-11T05:16:47Z" finished-at="2019-06-11T05:16:47Z">
          <params>
            <param index="0">
              <value>
                <![CDATA[[TestResult name=mFilterPending status=SUCCESS method=MFilterByPendingSoldForSaleStatus.mFilterPending(java.lang.String)[pri:0, instance:mobileTests.MFilterByPendingSoldForSaleStatus@6f4a47c7] output={null}]]]>
              </value>
            </param>
          </params>
          <reporter-output>
          </reporter-output>
        </test-method> <!-- OnFailure -->
        <test-method status="PASS" signature="tearDown()[pri:0, instance:mobileTests.MFilterByPendingSoldForSaleStatus@6f4a47c7]" name="tearDown" is-config="true" duration-ms="952" started-at="2019-06-11T05:16:47Z" finished-at="2019-06-11T05:16:48Z">
          <reporter-output>
          </reporter-output>
        </test-method> <!-- tearDown -->
        <test-method status="PASS" signature="setDriver(java.lang.String, java.lang.String, java.lang.String)[pri:0, instance:mobileTests.MFilterByPendingSoldForSaleStatus@6f4a47c7]" name="setDriver" is-config="true" duration-ms="12902" started-at="2019-06-11T05:16:48Z" finished-at="2019-06-11T05:17:00Z">
          <params>
            <param index="0">
              <value>
                <![CDATA[]]>
              </value>
            </param>
            <param index="1">
              <value>
                <![CDATA[]]>
              </value>
            </param>
            <param index="2">
              <value>
                <![CDATA[HT4CJJT00982]]>
              </value>
            </param>
          </params>
          <reporter-output>
          </reporter-output>
        </test-method> <!-- setDriver -->
        <test-method status="PASS" signature="mFilterSold(java.lang.String)[pri:0, instance:mobileTests.MFilterByPendingSoldForSaleStatus@6f4a47c7]" name="mFilterSold" duration-ms="39100" started-at="2019-06-11T05:17:00Z" data-provider="getMobileData" finished-at="2019-06-11T05:17:40Z">
          <params>
            <param index="0">
              <value>
                <![CDATA[Irvine, CA]]>
              </value>
            </param>
          </params>
          <reporter-output>
          </reporter-output>
        </test-method> <!-- mFilterSold -->
        <test-method status="PASS" signature="OnFailure(org.testng.ITestResult)[pri:0, instance:mobileTests.MFilterByPendingSoldForSaleStatus@6f4a47c7]" name="OnFailure" is-config="true" duration-ms="0" started-at="2019-06-11T05:17:40Z" finished-at="2019-06-11T05:17:40Z">
          <params>
            <param index="0">
              <value>
                <![CDATA[[TestResult name=mFilterSold status=SUCCESS method=MFilterByPendingSoldForSaleStatus.mFilterSold(java.lang.String)[pri:0, instance:mobileTests.MFilterByPendingSoldForSaleStatus@6f4a47c7] output={null}]]]>
              </value>
            </param>
          </params>
          <reporter-output>
          </reporter-output>
        </test-method> <!-- OnFailure -->
        <test-method status="PASS" signature="tearDown()[pri:0, instance:mobileTests.MFilterByPendingSoldForSaleStatus@6f4a47c7]" name="tearDown" is-config="true" duration-ms="994" started-at="2019-06-11T05:17:40Z" finished-at="2019-06-11T05:17:41Z">
          <reporter-output>
          </reporter-output>
        </test-method> <!-- tearDown -->
      </class> <!-- mobileTests.MFilterByPendingSoldForSaleStatus -->
      <class name="mobileTests.MFilterBySqFt">
        <test-method status="PASS" signature="setDriver(java.lang.String, java.lang.String, java.lang.String)[pri:0, instance:mobileTests.MFilterBySqFt@3d34d211]" name="setDriver" is-config="true" duration-ms="13999" started-at="2019-06-11T05:22:02Z" finished-at="2019-06-11T05:22:16Z">
          <params>
            <param index="0">
              <value>
                <![CDATA[]]>
              </value>
            </param>
            <param index="1">
              <value>
                <![CDATA[]]>
              </value>
            </param>
            <param index="2">
              <value>
                <![CDATA[HT4CJJT00982]]>
              </value>
            </param>
          </params>
          <reporter-output>
          </reporter-output>
        </test-method> <!-- setDriver -->
        <test-method status="PASS" signature="mFilterSqFt(java.lang.String, java.lang.String, java.lang.String)[pri:0, instance:mobileTests.MFilterBySqFt@3d34d211]" name="mFilterSqFt" duration-ms="39328" started-at="2019-06-11T05:22:16Z" data-provider="getMobileData" finished-at="2019-06-11T05:22:56Z">
          <params>
            <param index="0">
              <value>
                <![CDATA[Irvine, CA]]>
              </value>
            </param>
            <param index="1">
              <value>
                <![CDATA[1500]]>
              </value>
            </param>
            <param index="2">
              <value>
                <![CDATA[2000]]>
              </value>
            </param>
          </params>
          <reporter-output>
          </reporter-output>
        </test-method> <!-- mFilterSqFt -->
        <test-method status="PASS" signature="tearDown()[pri:0, instance:mobileTests.MFilterBySqFt@3d34d211]" name="tearDown" is-config="true" duration-ms="664" started-at="2019-06-11T05:22:56Z" finished-at="2019-06-11T05:22:56Z">
          <reporter-output>
          </reporter-output>
        </test-method> <!-- tearDown -->
        <test-method status="PASS" signature="OnFailure(org.testng.ITestResult)[pri:0, instance:mobileTests.MFilterBySqFt@3d34d211]" name="OnFailure" is-config="true" duration-ms="0" started-at="2019-06-11T05:22:56Z" finished-at="2019-06-11T05:22:56Z">
          <params>
            <param index="0">
              <value>
                <![CDATA[[TestResult name=mFilterSqFt status=SUCCESS method=MFilterBySqFt.mFilterSqFt(java.lang.String, java.lang.String, java.lang.String)[pri:0, instance:mobileTests.MFilterBySqFt@3d34d211] output={null}]]]>
              </value>
            </param>
          </params>
          <reporter-output>
          </reporter-output>
        </test-method> <!-- OnFailure -->
      </class> <!-- mobileTests.MFilterBySqFt -->
      <class name="mobileTests.MFilterByYear">
        <test-method status="PASS" signature="setDriver(java.lang.String, java.lang.String, java.lang.String)[pri:0, instance:mobileTests.MFilterByYear@7dc0f706]" name="setDriver" is-config="true" duration-ms="13027" started-at="2019-06-11T05:22:56Z" finished-at="2019-06-11T05:23:09Z">
          <params>
            <param index="0">
              <value>
                <![CDATA[]]>
              </value>
            </param>
            <param index="1">
              <value>
                <![CDATA[]]>
              </value>
            </param>
            <param index="2">
              <value>
                <![CDATA[HT4CJJT00982]]>
              </value>
            </param>
          </params>
          <reporter-output>
          </reporter-output>
        </test-method> <!-- setDriver -->
        <test-method status="PASS" signature="mFilterYear(java.lang.String, java.lang.String, java.lang.String)[pri:0, instance:mobileTests.MFilterByYear@7dc0f706]" name="mFilterYear" duration-ms="85953" started-at="2019-06-11T05:23:09Z" data-provider="getMobileData" finished-at="2019-06-11T05:24:35Z">
          <params>
            <param index="0">
              <value>
                <![CDATA[Irvine, CA]]>
              </value>
            </param>
            <param index="1">
              <value>
                <![CDATA[1995]]>
              </value>
            </param>
            <param index="2">
              <value>
                <![CDATA[2015]]>
              </value>
            </param>
          </params>
          <reporter-output>
          </reporter-output>
        </test-method> <!-- mFilterYear -->
        <test-method status="PASS" signature="OnFailure(org.testng.ITestResult)[pri:0, instance:mobileTests.MFilterByYear@7dc0f706]" name="OnFailure" is-config="true" duration-ms="1" started-at="2019-06-11T05:24:35Z" finished-at="2019-06-11T05:24:35Z">
          <params>
            <param index="0">
              <value>
                <![CDATA[[TestResult name=mFilterYear status=SUCCESS method=MFilterByYear.mFilterYear(java.lang.String, java.lang.String, java.lang.String)[pri:0, instance:mobileTests.MFilterByYear@7dc0f706] output={null}]]]>
              </value>
            </param>
          </params>
          <reporter-output>
          </reporter-output>
        </test-method> <!-- OnFailure -->
        <test-method status="PASS" signature="tearDown()[pri:0, instance:mobileTests.MFilterByYear@7dc0f706]" name="tearDown" is-config="true" duration-ms="856" started-at="2019-06-11T05:24:35Z" finished-at="2019-06-11T05:24:36Z">
          <reporter-output>
          </reporter-output>
        </test-method> <!-- tearDown -->
      </class> <!-- mobileTests.MFilterByYear -->
    </test> <!-- Android Nexus Tests -->
    <test name="Android GalaxyTabA2017 Tests" duration-ms="833881" started-at="2019-06-11T05:12:10Z" finished-at="2019-06-11T05:26:04Z">
      <class name="mobileTests.MFilterByKeyword">
        <test-method status="PASS" signature="setDriver(java.lang.String, java.lang.String, java.lang.String)[pri:0, instance:mobileTests.MFilterByKeyword@5dda768f]" name="setDriver" is-config="true" duration-ms="16697" started-at="2019-06-11T05:13:54Z" finished-at="2019-06-11T05:14:10Z">
          <params>
            <param index="0">
              <value>
                <![CDATA[]]>
              </value>
            </param>
            <param index="1">
              <value>
                <![CDATA[]]>
              </value>
            </param>
            <param index="2">
              <value>
                <![CDATA[ecbfd827b282a9dc]]>
              </value>
            </param>
          </params>
          <reporter-output>
          </reporter-output>
        </test-method> <!-- setDriver -->
        <test-method status="PASS" signature="mFilterKeyword(java.lang.String, java.lang.String)[pri:0, instance:mobileTests.MFilterByKeyword@5dda768f]" name="mFilterKeyword" duration-ms="61375" started-at="2019-06-11T05:14:10Z" data-provider="getMobileData" finished-at="2019-06-11T05:15:12Z">
          <params>
            <param index="0">
              <value>
                <![CDATA[Irvine, CA]]>
              </value>
            </param>
            <param index="1">
              <value>
                <![CDATA[hardwood floor]]>
              </value>
            </param>
          </params>
          <reporter-output>
          </reporter-output>
        </test-method> <!-- mFilterKeyword -->
        <test-method status="PASS" signature="OnFailure(org.testng.ITestResult)[pri:0, instance:mobileTests.MFilterByKeyword@5dda768f]" name="OnFailure" is-config="true" duration-ms="1" started-at="2019-06-11T05:15:12Z" finished-at="2019-06-11T05:15:12Z">
          <params>
            <param index="0">
              <value>
                <![CDATA[[TestResult name=mFilterKeyword status=SUCCESS method=MFilterByKeyword.mFilterKeyword(java.lang.String, java.lang.String)[pri:0, instance:mobileTests.MFilterByKeyword@5dda768f] output={null}]]]>
              </value>
            </param>
          </params>
          <reporter-output>
          </reporter-output>
        </test-method> <!-- OnFailure -->
        <test-method status="PASS" signature="tearDown()[pri:0, instance:mobileTests.MFilterByKeyword@5dda768f]" name="tearDown" is-config="true" duration-ms="260" started-at="2019-06-11T05:15:12Z" finished-at="2019-06-11T05:15:12Z">
          <reporter-output>
          </reporter-output>
        </test-method> <!-- tearDown -->
      </class> <!-- mobileTests.MFilterByKeyword -->
      <class name="mobileTests.MFilterByBedBath">
        <test-method status="PASS" signature="setDriver(java.lang.String, java.lang.String, java.lang.String)[pri:0, instance:mobileTests.MFilterByBedBath@1ce24091]" name="setDriver" is-config="true" duration-ms="17088" started-at="2019-06-11T05:12:11Z" finished-at="2019-06-11T05:12:28Z">
          <params>
            <param index="0">
              <value>
                <![CDATA[]]>
              </value>
            </param>
            <param index="1">
              <value>
                <![CDATA[]]>
              </value>
            </param>
            <param index="2">
              <value>
                <![CDATA[ecbfd827b282a9dc]]>
              </value>
            </param>
          </params>
          <reporter-output>
          </reporter-output>
        </test-method> <!-- setDriver -->
        <test-method status="PASS" signature="mFilterBath(java.lang.String, java.lang.String)[pri:0, instance:mobileTests.MFilterByBedBath@1ce24091]" name="mFilterBath" duration-ms="32361" started-at="2019-06-11T05:12:28Z" data-provider="getMobileData" finished-at="2019-06-11T05:13:00Z">
          <params>
            <param index="0">
              <value>
                <![CDATA[Irvine, CA]]>
              </value>
            </param>
            <param index="1">
              <value>
                <![CDATA[3]]>
              </value>
            </param>
          </params>
          <reporter-output>
          </reporter-output>
        </test-method> <!-- mFilterBath -->
        <test-method status="PASS" signature="OnFailure(org.testng.ITestResult)[pri:0, instance:mobileTests.MFilterByBedBath@1ce24091]" name="OnFailure" is-config="true" duration-ms="0" started-at="2019-06-11T05:13:00Z" finished-at="2019-06-11T05:13:00Z">
          <params>
            <param index="0">
              <value>
                <![CDATA[[TestResult name=mFilterBath status=SUCCESS method=MFilterByBedBath.mFilterBath(java.lang.String, java.lang.String)[pri:0, instance:mobileTests.MFilterByBedBath@1ce24091] output={null}]]]>
              </value>
            </param>
          </params>
          <reporter-output>
          </reporter-output>
        </test-method> <!-- OnFailure -->
        <test-method status="PASS" signature="tearDown()[pri:0, instance:mobileTests.MFilterByBedBath@1ce24091]" name="tearDown" is-config="true" duration-ms="248" started-at="2019-06-11T05:13:00Z" finished-at="2019-06-11T05:13:01Z">
          <reporter-output>
          </reporter-output>
        </test-method> <!-- tearDown -->
        <test-method status="PASS" signature="setDriver(java.lang.String, java.lang.String, java.lang.String)[pri:0, instance:mobileTests.MFilterByBedBath@1ce24091]" name="setDriver" is-config="true" duration-ms="20477" started-at="2019-06-11T05:13:01Z" finished-at="2019-06-11T05:13:21Z">
          <params>
            <param index="0">
              <value>
                <![CDATA[]]>
              </value>
            </param>
            <param index="1">
              <value>
                <![CDATA[]]>
              </value>
            </param>
            <param index="2">
              <value>
                <![CDATA[ecbfd827b282a9dc]]>
              </value>
            </param>
          </params>
          <reporter-output>
          </reporter-output>
        </test-method> <!-- setDriver -->
        <test-method status="PASS" signature="mFilterBed(java.lang.String, java.lang.String)[pri:0, instance:mobileTests.MFilterByBedBath@1ce24091]" name="mFilterBed" duration-ms="32357" started-at="2019-06-11T05:13:21Z" data-provider="getMobileData" finished-at="2019-06-11T05:13:53Z">
          <params>
            <param index="0">
              <value>
                <![CDATA[Irvine, CA]]>
              </value>
            </param>
            <param index="1">
              <value>
                <![CDATA[3]]>
              </value>
            </param>
          </params>
          <reporter-output>
          </reporter-output>
        </test-method> <!-- mFilterBed -->
        <test-method status="PASS" signature="OnFailure(org.testng.ITestResult)[pri:0, instance:mobileTests.MFilterByBedBath@1ce24091]" name="OnFailure" is-config="true" duration-ms="1" started-at="2019-06-11T05:13:53Z" finished-at="2019-06-11T05:13:53Z">
          <params>
            <param index="0">
              <value>
                <![CDATA[[TestResult name=mFilterBed status=SUCCESS method=MFilterByBedBath.mFilterBed(java.lang.String, java.lang.String)[pri:0, instance:mobileTests.MFilterByBedBath@1ce24091] output={null}]]]>
              </value>
            </param>
          </params>
          <reporter-output>
          </reporter-output>
        </test-method> <!-- OnFailure -->
        <test-method status="PASS" signature="tearDown()[pri:0, instance:mobileTests.MFilterByBedBath@1ce24091]" name="tearDown" is-config="true" duration-ms="202" started-at="2019-06-11T05:13:53Z" finished-at="2019-06-11T05:13:54Z">
          <reporter-output>
          </reporter-output>
        </test-method> <!-- tearDown -->
      </class> <!-- mobileTests.MFilterByBedBath -->
      <class name="mobileTests.MFilterByPropertyType">
        <test-method status="PASS" signature="setDriver(java.lang.String, java.lang.String, java.lang.String)[pri:0, instance:mobileTests.MFilterByPropertyType@24269709]" name="setDriver" is-config="true" duration-ms="16623" started-at="2019-06-11T05:18:14Z" finished-at="2019-06-11T05:18:31Z">
          <params>
            <param index="0">
              <value>
                <![CDATA[]]>
              </value>
            </param>
            <param index="1">
              <value>
                <![CDATA[]]>
              </value>
            </param>
            <param index="2">
              <value>
                <![CDATA[ecbfd827b282a9dc]]>
              </value>
            </param>
          </params>
          <reporter-output>
          </reporter-output>
        </test-method> <!-- setDriver -->
        <test-method status="PASS" signature="mFilterCondo(java.lang.String)[pri:0, instance:mobileTests.MFilterByPropertyType@24269709]" name="mFilterCondo" duration-ms="82196" started-at="2019-06-11T05:18:31Z" data-provider="getMobileData" finished-at="2019-06-11T05:19:53Z">
          <params>
            <param index="0">
              <value>
                <![CDATA[Irvine, CA]]>
              </value>
            </param>
          </params>
          <reporter-output>
          </reporter-output>
        </test-method> <!-- mFilterCondo -->
        <test-method status="PASS" signature="tearDown()[pri:0, instance:mobileTests.MFilterByPropertyType@24269709]" name="tearDown" is-config="true" duration-ms="238" started-at="2019-06-11T05:19:53Z" finished-at="2019-06-11T05:19:53Z">
          <reporter-output>
          </reporter-output>
        </test-method> <!-- tearDown -->
        <test-method status="PASS" signature="OnFailure(org.testng.ITestResult)[pri:0, instance:mobileTests.MFilterByPropertyType@24269709]" name="OnFailure" is-config="true" duration-ms="0" started-at="2019-06-11T05:19:53Z" finished-at="2019-06-11T05:19:53Z">
          <params>
            <param index="0">
              <value>
                <![CDATA[[TestResult name=mFilterCondo status=SUCCESS method=MFilterByPropertyType.mFilterCondo(java.lang.String)[pri:0, instance:mobileTests.MFilterByPropertyType@24269709] output={null}]]]>
              </value>
            </param>
          </params>
          <reporter-output>
          </reporter-output>
        </test-method> <!-- OnFailure -->
        <test-method status="PASS" signature="setDriver(java.lang.String, java.lang.String, java.lang.String)[pri:0, instance:mobileTests.MFilterByPropertyType@24269709]" name="setDriver" is-config="true" duration-ms="19739" started-at="2019-06-11T05:19:53Z" finished-at="2019-06-11T05:20:13Z">
          <params>
            <param index="0">
              <value>
                <![CDATA[]]>
              </value>
            </param>
            <param index="1">
              <value>
                <![CDATA[]]>
              </value>
            </param>
            <param index="2">
              <value>
                <![CDATA[ecbfd827b282a9dc]]>
              </value>
            </param>
          </params>
          <reporter-output>
          </reporter-output>
        </test-method> <!-- setDriver -->
        <test-method status="PASS" signature="mFilterSingleFamily(java.lang.String)[pri:0, instance:mobileTests.MFilterByPropertyType@24269709]" name="mFilterSingleFamily" duration-ms="79538" started-at="2019-06-11T05:20:13Z" data-provider="getMobileData" finished-at="2019-06-11T05:21:33Z">
          <params>
            <param index="0">
              <value>
                <![CDATA[Irvine, CA]]>
              </value>
            </param>
          </params>
          <reporter-output>
          </reporter-output>
        </test-method> <!-- mFilterSingleFamily -->
        <test-method status="PASS" signature="OnFailure(org.testng.ITestResult)[pri:0, instance:mobileTests.MFilterByPropertyType@24269709]" name="OnFailure" is-config="true" duration-ms="0" started-at="2019-06-11T05:21:33Z" finished-at="2019-06-11T05:21:33Z">
          <params>
            <param index="0">
              <value>
                <![CDATA[[TestResult name=mFilterSingleFamily status=SUCCESS method=MFilterByPropertyType.mFilterSingleFamily(java.lang.String)[pri:0, instance:mobileTests.MFilterByPropertyType@24269709] output={null}]]]>
              </value>
            </param>
          </params>
          <reporter-output>
          </reporter-output>
        </test-method> <!-- OnFailure -->
        <test-method status="PASS" signature="tearDown()[pri:0, instance:mobileTests.MFilterByPropertyType@24269709]" name="tearDown" is-config="true" duration-ms="210" started-at="2019-06-11T05:21:33Z" finished-at="2019-06-11T05:21:33Z">
          <reporter-output>
          </reporter-output>
        </test-method> <!-- tearDown -->
        <test-method status="PASS" signature="setDriver(java.lang.String, java.lang.String, java.lang.String)[pri:0, instance:mobileTests.MFilterByPropertyType@24269709]" name="setDriver" is-config="true" duration-ms="18866" started-at="2019-06-11T05:21:33Z" finished-at="2019-06-11T05:21:52Z">
          <params>
            <param index="0">
              <value>
                <![CDATA[]]>
              </value>
            </param>
            <param index="1">
              <value>
                <![CDATA[]]>
              </value>
            </param>
            <param index="2">
              <value>
                <![CDATA[ecbfd827b282a9dc]]>
              </value>
            </param>
          </params>
          <reporter-output>
          </reporter-output>
        </test-method> <!-- setDriver -->
        <test-method status="PASS" signature="mFilterTownHome(java.lang.String)[pri:0, instance:mobileTests.MFilterByPropertyType@24269709]" name="mFilterTownHome" duration-ms="81562" started-at="2019-06-11T05:21:52Z" data-provider="getMobileData" finished-at="2019-06-11T05:23:13Z">
          <params>
            <param index="0">
              <value>
                <![CDATA[Irvine, CA]]>
              </value>
            </param>
          </params>
          <reporter-output>
          </reporter-output>
        </test-method> <!-- mFilterTownHome -->
        <test-method status="PASS" signature="tearDown()[pri:0, instance:mobileTests.MFilterByPropertyType@24269709]" name="tearDown" is-config="true" duration-ms="251" started-at="2019-06-11T05:23:13Z" finished-at="2019-06-11T05:23:14Z">
          <reporter-output>
          </reporter-output>
        </test-method> <!-- tearDown -->
        <test-method status="PASS" signature="OnFailure(org.testng.ITestResult)[pri:0, instance:mobileTests.MFilterByPropertyType@24269709]" name="OnFailure" is-config="true" duration-ms="0" started-at="2019-06-11T05:23:13Z" finished-at="2019-06-11T05:23:13Z">
          <params>
            <param index="0">
              <value>
                <![CDATA[[TestResult name=mFilterTownHome status=SUCCESS method=MFilterByPropertyType.mFilterTownHome(java.lang.String)[pri:0, instance:mobileTests.MFilterByPropertyType@24269709] output={null}]]]>
              </value>
            </param>
          </params>
          <reporter-output>
          </reporter-output>
        </test-method> <!-- OnFailure -->
      </class> <!-- mobileTests.MFilterByPropertyType -->
      <class name="mobileTests.MFilterByPendingSoldForSaleStatus">
        <test-method status="PASS" signature="setDriver(java.lang.String, java.lang.String, java.lang.String)[pri:0, instance:mobileTests.MFilterByPendingSoldForSaleStatus@7a8c8dcf]" name="setDriver" is-config="true" duration-ms="16721" started-at="2019-06-11T05:15:12Z" finished-at="2019-06-11T05:15:29Z">
          <params>
            <param index="0">
              <value>
                <![CDATA[]]>
              </value>
            </param>
            <param index="1">
              <value>
                <![CDATA[]]>
              </value>
            </param>
            <param index="2">
              <value>
                <![CDATA[ecbfd827b282a9dc]]>
              </value>
            </param>
          </params>
          <reporter-output>
          </reporter-output>
        </test-method> <!-- setDriver -->
        <test-method status="PASS" signature="mFilterForSale(java.lang.String)[pri:0, instance:mobileTests.MFilterByPendingSoldForSaleStatus@7a8c8dcf]" name="mFilterForSale" duration-ms="43782" started-at="2019-06-11T05:15:29Z" data-provider="getMobileData" finished-at="2019-06-11T05:16:12Z">
          <params>
            <param index="0">
              <value>
                <![CDATA[Irvine, CA]]>
              </value>
            </param>
          </params>
          <reporter-output>
          </reporter-output>
        </test-method> <!-- mFilterForSale -->
        <test-method status="PASS" signature="OnFailure(org.testng.ITestResult)[pri:0, instance:mobileTests.MFilterByPendingSoldForSaleStatus@7a8c8dcf]" name="OnFailure" is-config="true" duration-ms="0" started-at="2019-06-11T05:16:12Z" finished-at="2019-06-11T05:16:12Z">
          <params>
            <param index="0">
              <value>
                <![CDATA[[TestResult name=mFilterForSale status=SUCCESS method=MFilterByPendingSoldForSaleStatus.mFilterForSale(java.lang.String)[pri:0, instance:mobileTests.MFilterByPendingSoldForSaleStatus@7a8c8dcf] output={null}]]]>
              </value>
            </param>
          </params>
          <reporter-output>
          </reporter-output>
        </test-method> <!-- OnFailure -->
        <test-method status="PASS" signature="tearDown()[pri:0, instance:mobileTests.MFilterByPendingSoldForSaleStatus@7a8c8dcf]" name="tearDown" is-config="true" duration-ms="232" started-at="2019-06-11T05:16:12Z" finished-at="2019-06-11T05:16:13Z">
          <reporter-output>
          </reporter-output>
        </test-method> <!-- tearDown -->
        <test-method status="PASS" signature="setDriver(java.lang.String, java.lang.String, java.lang.String)[pri:0, instance:mobileTests.MFilterByPendingSoldForSaleStatus@7a8c8dcf]" name="setDriver" is-config="true" duration-ms="16691" started-at="2019-06-11T05:16:13Z" finished-at="2019-06-11T05:16:29Z">
          <params>
            <param index="0">
              <value>
                <![CDATA[]]>
              </value>
            </param>
            <param index="1">
              <value>
                <![CDATA[]]>
              </value>
            </param>
            <param index="2">
              <value>
                <![CDATA[ecbfd827b282a9dc]]>
              </value>
            </param>
          </params>
          <reporter-output>
          </reporter-output>
        </test-method> <!-- setDriver -->
        <test-method status="PASS" signature="mFilterPending(java.lang.String)[pri:0, instance:mobileTests.MFilterByPendingSoldForSaleStatus@7a8c8dcf]" name="mFilterPending" duration-ms="43630" started-at="2019-06-11T05:16:29Z" data-provider="getMobileData" finished-at="2019-06-11T05:17:13Z">
          <params>
            <param index="0">
              <value>
                <![CDATA[Irvine, CA]]>
              </value>
            </param>
          </params>
          <reporter-output>
          </reporter-output>
        </test-method> <!-- mFilterPending -->
        <test-method status="PASS" signature="tearDown()[pri:0, instance:mobileTests.MFilterByPendingSoldForSaleStatus@7a8c8dcf]" name="tearDown" is-config="true" duration-ms="241" started-at="2019-06-11T05:17:13Z" finished-at="2019-06-11T05:17:13Z">
          <reporter-output>
          </reporter-output>
        </test-method> <!-- tearDown -->
        <test-method status="PASS" signature="OnFailure(org.testng.ITestResult)[pri:0, instance:mobileTests.MFilterByPendingSoldForSaleStatus@7a8c8dcf]" name="OnFailure" is-config="true" duration-ms="0" started-at="2019-06-11T05:17:13Z" finished-at="2019-06-11T05:17:13Z">
          <params>
            <param index="0">
              <value>
                <![CDATA[[TestResult name=mFilterPending status=SUCCESS method=MFilterByPendingSoldForSaleStatus.mFilterPending(java.lang.String)[pri:0, instance:mobileTests.MFilterByPendingSoldForSaleStatus@7a8c8dcf] output={null}]]]>
              </value>
            </param>
          </params>
          <reporter-output>
          </reporter-output>
        </test-method> <!-- OnFailure -->
        <test-method status="PASS" signature="setDriver(java.lang.String, java.lang.String, java.lang.String)[pri:0, instance:mobileTests.MFilterByPendingSoldForSaleStatus@7a8c8dcf]" name="setDriver" is-config="true" duration-ms="16826" started-at="2019-06-11T05:17:13Z" finished-at="2019-06-11T05:17:30Z">
          <params>
            <param index="0">
              <value>
                <![CDATA[]]>
              </value>
            </param>
            <param index="1">
              <value>
                <![CDATA[]]>
              </value>
            </param>
            <param index="2">
              <value>
                <![CDATA[ecbfd827b282a9dc]]>
              </value>
            </param>
          </params>
          <reporter-output>
          </reporter-output>
        </test-method> <!-- setDriver -->
        <test-method status="PASS" signature="mFilterSold(java.lang.String)[pri:0, instance:mobileTests.MFilterByPendingSoldForSaleStatus@7a8c8dcf]" name="mFilterSold" duration-ms="43936" started-at="2019-06-11T05:17:30Z" data-provider="getMobileData" finished-at="2019-06-11T05:18:14Z">
          <params>
            <param index="0">
              <value>
                <![CDATA[Irvine, CA]]>
              </value>
            </param>
          </params>
          <reporter-output>
          </reporter-output>
        </test-method> <!-- mFilterSold -->
        <test-method status="PASS" signature="OnFailure(org.testng.ITestResult)[pri:0, instance:mobileTests.MFilterByPendingSoldForSaleStatus@7a8c8dcf]" name="OnFailure" is-config="true" duration-ms="0" started-at="2019-06-11T05:18:14Z" finished-at="2019-06-11T05:18:14Z">
          <params>
            <param index="0">
              <value>
                <![CDATA[[TestResult name=mFilterSold status=SUCCESS method=MFilterByPendingSoldForSaleStatus.mFilterSold(java.lang.String)[pri:0, instance:mobileTests.MFilterByPendingSoldForSaleStatus@7a8c8dcf] output={null}]]]>
              </value>
            </param>
          </params>
          <reporter-output>
          </reporter-output>
        </test-method> <!-- OnFailure -->
        <test-method status="PASS" signature="tearDown()[pri:0, instance:mobileTests.MFilterByPendingSoldForSaleStatus@7a8c8dcf]" name="tearDown" is-config="true" duration-ms="218" started-at="2019-06-11T05:18:14Z" finished-at="2019-06-11T05:18:14Z">
          <reporter-output>
          </reporter-output>
        </test-method> <!-- tearDown -->
      </class> <!-- mobileTests.MFilterByPendingSoldForSaleStatus -->
      <class name="mobileTests.MFilterBySqFt">
        <test-method status="PASS" signature="setDriver(java.lang.String, java.lang.String, java.lang.String)[pri:0, instance:mobileTests.MFilterBySqFt@2aceadd4]" name="setDriver" is-config="true" duration-ms="16643" started-at="2019-06-11T05:23:14Z" finished-at="2019-06-11T05:23:30Z">
          <params>
            <param index="0">
              <value>
                <![CDATA[]]>
              </value>
            </param>
            <param index="1">
              <value>
                <![CDATA[]]>
              </value>
            </param>
            <param index="2">
              <value>
                <![CDATA[ecbfd827b282a9dc]]>
              </value>
            </param>
          </params>
          <reporter-output>
          </reporter-output>
        </test-method> <!-- setDriver -->
        <test-method status="PASS" signature="mFilterSqFt(java.lang.String, java.lang.String, java.lang.String)[pri:0, instance:mobileTests.MFilterBySqFt@2aceadd4]" name="mFilterSqFt" duration-ms="40648" started-at="2019-06-11T05:23:30Z" data-provider="getMobileData" finished-at="2019-06-11T05:24:11Z">
          <params>
            <param index="0">
              <value>
                <![CDATA[Irvine, CA]]>
              </value>
            </param>
            <param index="1">
              <value>
                <![CDATA[1500]]>
              </value>
            </param>
            <param index="2">
              <value>
                <![CDATA[2000]]>
              </value>
            </param>
          </params>
          <reporter-output>
          </reporter-output>
        </test-method> <!-- mFilterSqFt -->
        <test-method status="PASS" signature="OnFailure(org.testng.ITestResult)[pri:0, instance:mobileTests.MFilterBySqFt@2aceadd4]" name="OnFailure" is-config="true" duration-ms="1" started-at="2019-06-11T05:24:11Z" finished-at="2019-06-11T05:24:11Z">
          <params>
            <param index="0">
              <value>
                <![CDATA[[TestResult name=mFilterSqFt status=SUCCESS method=MFilterBySqFt.mFilterSqFt(java.lang.String, java.lang.String, java.lang.String)[pri:0, instance:mobileTests.MFilterBySqFt@2aceadd4] output={null}]]]>
              </value>
            </param>
          </params>
          <reporter-output>
          </reporter-output>
        </test-method> <!-- OnFailure -->
        <test-method status="PASS" signature="tearDown()[pri:0, instance:mobileTests.MFilterBySqFt@2aceadd4]" name="tearDown" is-config="true" duration-ms="245" started-at="2019-06-11T05:24:11Z" finished-at="2019-06-11T05:24:11Z">
          <reporter-output>
          </reporter-output>
        </test-method> <!-- tearDown -->
      </class> <!-- mobileTests.MFilterBySqFt -->
      <class name="mobileTests.MFilterByYear">
        <test-method status="PASS" signature="setDriver(java.lang.String, java.lang.String, java.lang.String)[pri:0, instance:mobileTests.MFilterByYear@24aed80c]" name="setDriver" is-config="true" duration-ms="16583" started-at="2019-06-11T05:24:11Z" finished-at="2019-06-11T05:24:28Z">
          <params>
            <param index="0">
              <value>
                <![CDATA[]]>
              </value>
            </param>
            <param index="1">
              <value>
                <![CDATA[]]>
              </value>
            </param>
            <param index="2">
              <value>
                <![CDATA[ecbfd827b282a9dc]]>
              </value>
            </param>
          </params>
          <reporter-output>
          </reporter-output>
        </test-method> <!-- setDriver -->
        <test-method status="PASS" signature="mFilterYear(java.lang.String, java.lang.String, java.lang.String)[pri:0, instance:mobileTests.MFilterByYear@24aed80c]" name="mFilterYear" duration-ms="96101" started-at="2019-06-11T05:24:28Z" data-provider="getMobileData" finished-at="2019-06-11T05:26:04Z">
          <params>
            <param index="0">
              <value>
                <![CDATA[Irvine, CA]]>
              </value>
            </param>
            <param index="1">
              <value>
                <![CDATA[1995]]>
              </value>
            </param>
            <param index="2">
              <value>
                <![CDATA[2015]]>
              </value>
            </param>
          </params>
          <reporter-output>
          </reporter-output>
        </test-method> <!-- mFilterYear -->
        <test-method status="PASS" signature="OnFailure(org.testng.ITestResult)[pri:0, instance:mobileTests.MFilterByYear@24aed80c]" name="OnFailure" is-config="true" duration-ms="1" started-at="2019-06-11T05:26:04Z" finished-at="2019-06-11T05:26:04Z">
          <params>
            <param index="0">
              <value>
                <![CDATA[[TestResult name=mFilterYear status=SUCCESS method=MFilterByYear.mFilterYear(java.lang.String, java.lang.String, java.lang.String)[pri:0, instance:mobileTests.MFilterByYear@24aed80c] output={null}]]]>
              </value>
            </param>
          </params>
          <reporter-output>
          </reporter-output>
        </test-method> <!-- OnFailure -->
        <test-method status="PASS" signature="tearDown()[pri:0, instance:mobileTests.MFilterByYear@24aed80c]" name="tearDown" is-config="true" duration-ms="223" started-at="2019-06-11T05:26:04Z" finished-at="2019-06-11T05:26:04Z">
          <reporter-output>
          </reporter-output>
        </test-method> <!-- tearDown -->
      </class> <!-- mobileTests.MFilterByYear -->
    </test> <!-- Android GalaxyTabA2017 Tests -->
  </suite> <!-- XOME Suite -->
</testng-results>
